D:\M.$AM!R\GP\FORMATION MANAGER\DEBUG\SMEXON.EXE
D:\M.$AM!R\GP\FORMATION MANAGER\DEBUG\SMEXON.ILK
D:\M.$AM!R\GP\FORMATION MANAGER\DEBUG\SMEXON.PDB
D:\M.$AM!R\GP\FORMATION MANAGER\SMEXON\DEBUG\FORMATIONMANAGER.OBJ
D:\M.$AM!R\GP\FORMATION MANAGER\SMEXON\DEBUG\MAIN.OBJ
D:\M.$AM!R\GP\FORMATION MANAGER\SMEXON\DEBUG\SMEXON.EXE.EMBED.MANIFEST
D:\M.$AM!R\GP\FORMATION MANAGER\SMEXON\DEBUG\SMEXON.EXE.EMBED.MANIFEST.RES
D:\M.$AM!R\GP\FORMATION MANAGER\SMEXON\DEBUG\SMEXON.EXE.INTERMEDIATE.MANIFEST
D:\M.$AM!R\GP\FORMATION MANAGER\SMEXON\DEBUG\VC100.PDB
D:\M.$AM!R\GP\UNITS' PLACMENT IMP\FORMATION MANAGER\DEBUG\SMEXON.EXE
D:\M.$AM!R\GP\UNITS' PLACMENT IMP\FORMATION MANAGER\DEBUG\SMEXON.ILK
D:\M.$AM!R\GP\UNITS' PLACMENT IMP\FORMATION MANAGER\DEBUG\SMEXON.PDB
D:\M.$AM!R\GP\UNITS' PLACMENT IMP\FORMATION MANAGER\SMEXON\DEBUG\FORMATIONMANAGER.OBJ
D:\M.$AM!R\GP\UNITS' PLACMENT IMP\FORMATION MANAGER\SMEXON\DEBUG\MAIN.OBJ
D:\M.$AM!R\GP\UNITS' PLACMENT IMP\FORMATION MANAGER\SMEXON\DEBUG\SMEXON.EXE.EMBED.MANIFEST.RES
D:\M.$AM!R\GP\UNITS' PLACMENT IMP\FORMATION MANAGER\SMEXON\DEBUG\SMEXON.EXE.INTERMEDIATE.MANIFEST
D:\M.$AM!R\GP\UNITS' PLACMENT IMP\FORMATION MANAGER\SMEXON\DEBUG\VC100.PDB
F:\AIENGINE\GP\UNITS' PLACMENT IMP\FORMATION MANAGER\DEBUG\SMEXON.EXE
F:\AIENGINE\GP\UNITS' PLACMENT IMP\FORMATION MANAGER\DEBUG\SMEXON.ILK
F:\AIENGINE\GP\UNITS' PLACMENT IMP\FORMATION MANAGER\DEBUG\SMEXON.PDB
F:\AIEngine\GP\units' placment imp\formation manager\smexon\Debug\cl.command.1.tlog
F:\AIEngine\GP\units' placment imp\formation manager\smexon\Debug\CL.read.1.tlog
F:\AIEngine\GP\units' placment imp\formation manager\smexon\Debug\CL.write.1.tlog
F:\AIENGINE\GP\UNITS' PLACMENT IMP\FORMATION MANAGER\SMEXON\DEBUG\FORMATIONMANAGER.OBJ
F:\AIEngine\GP\units' placment imp\formation manager\smexon\Debug\link.5096.read.1.tlog
F:\AIEngine\GP\units' placment imp\formation manager\smexon\Debug\link.5096.write.1.tlog
F:\AIEngine\GP\units' placment imp\formation manager\smexon\Debug\link.5096-cvtres.read.1.tlog
F:\AIEngine\GP\units' placment imp\formation manager\smexon\Debug\link.5096-cvtres.write.1.tlog
F:\AIEngine\GP\units' placment imp\formation manager\smexon\Debug\link.7316.read.1.tlog
F:\AIEngine\GP\units' placment imp\formation manager\smexon\Debug\link.7316.write.1.tlog
F:\AIEngine\GP\units' placment imp\formation manager\smexon\Debug\link.7316-cvtres.read.1.tlog
F:\AIEngine\GP\units' placment imp\formation manager\smexon\Debug\link.7316-cvtres.write.1.tlog
F:\AIEngine\GP\units' placment imp\formation manager\smexon\Debug\link.7976.read.1.tlog
F:\AIEngine\GP\units' placment imp\formation manager\smexon\Debug\link.7976.write.1.tlog
F:\AIEngine\GP\units' placment imp\formation manager\smexon\Debug\link.7976-cvtres.read.1.tlog
F:\AIEngine\GP\units' placment imp\formation manager\smexon\Debug\link.7976-cvtres.write.1.tlog
F:\AIEngine\GP\units' placment imp\formation manager\smexon\Debug\link.command.1.tlog
F:\AIEngine\GP\units' placment imp\formation manager\smexon\Debug\link.read.1.tlog
F:\AIEngine\GP\units' placment imp\formation manager\smexon\Debug\link.write.1.tlog
F:\AIEngine\GP\units' placment imp\formation manager\smexon\Debug\link-cvtres.read.1.tlog
F:\AIEngine\GP\units' placment imp\formation manager\smexon\Debug\link-cvtres.write.1.tlog
F:\AIENGINE\GP\UNITS' PLACMENT IMP\FORMATION MANAGER\SMEXON\DEBUG\MAIN.OBJ
F:\AIEngine\GP\units' placment imp\formation manager\smexon\Debug\mt.command.1.tlog
F:\AIEngine\GP\units' placment imp\formation manager\smexon\Debug\mt.read.1.tlog
F:\AIEngine\GP\units' placment imp\formation manager\smexon\Debug\mt.write.1.tlog
F:\AIEngine\GP\units' placment imp\formation manager\smexon\Debug\rc.command.1.tlog
F:\AIEngine\GP\units' placment imp\formation manager\smexon\Debug\rc.read.1.tlog
F:\AIEngine\GP\units' placment imp\formation manager\smexon\Debug\rc.write.1.tlog
F:\AIEngine\GP\units' placment imp\formation manager\smexon\Debug\smexon.exe.embed.manifest
F:\AIENGINE\GP\UNITS' PLACMENT IMP\FORMATION MANAGER\SMEXON\DEBUG\SMEXON.EXE.EMBED.MANIFEST.RES
F:\AIENGINE\GP\UNITS' PLACMENT IMP\FORMATION MANAGER\SMEXON\DEBUG\SMEXON.EXE.INTERMEDIATE.MANIFEST
F:\AIEngine\GP\units' placment imp\formation manager\smexon\Debug\smexon.vcxprojResolveAssemblyReference.cache
F:\AIEngine\GP\units' placment imp\formation manager\smexon\Debug\smexon.write.1.tlog
F:\AIEngine\GP\units' placment imp\formation manager\smexon\Debug\smexon_manifest.rc
F:\AIEngine\GP\units' placment imp\formation manager\smexon\Debug\vc100.idb
F:\AIENGINE\GP\UNITS' PLACMENT IMP\FORMATION MANAGER\SMEXON\DEBUG\VC100.PDB
